<?xml version="1.0" encoding="UTF-8"?>
<!-- Generated by org.testng.reporters.JUnitXMLReporter -->
<testsuite ignored="14" hostname="DESKTOP-GDGDOPT" failures="1" tests="1" name="Default test(failed)" time="12.463" errors="0" timestamp="2023-11-12T17:53:17 IST">
  <testcase classname="framework_task.Letskodeit_task" name="VerifyAlertpopup" time="2.286">
    <failure type="java.lang.AssertionError" message="expected [Hello somu.r, Are you sure you want to confirm] but found [Hello somu.r, Are you sure you want to confirm?]">
      <![CDATA[java.lang.AssertionError: expected [Hello somu.r, Are you sure you want to confirm] but found [Hello somu.r, Are you sure you want to confirm?]
at framework_task.Letskodeit_task.VerifyAlertpopup(Letskodeit_task.java:157)
at java.base/java.util.ArrayList.forEach(ArrayList.java:1511)
... Removed 31 stack frames]]>
    </failure>
  </testcase> <!-- VerifyAlertpopup -->
  <testcase classname="framework_task.Letskodeit_task" name="VerifyScreenshot" time="0.0">
    <ignored/>
  </testcase> <!-- VerifyScreenshot -->
  <testcase classname="framework_task.Letskodeit_task" name="VerifyTable" time="0.0">
    <ignored/>
  </testcase> <!-- VerifyTable -->
  <testcase classname="framework_task.Letskodeit_task" name="VerifyCheckbox" time="0.0">
    <ignored/>
  </testcase> <!-- VerifyCheckbox -->
  <testcase classname="framework_task.Letskodeit_task" name="VerifyFindtotalframes" time="0.0">
    <ignored/>
  </testcase> <!-- VerifyFindtotalframes -->
  <testcase classname="framework_task.Letskodeit_task" name="VerifyScrolldownup" time="0.0">
    <ignored/>
  </testcase> <!-- VerifyScrolldownup -->
  <testcase classname="framework_task.Letskodeit_task" name="VerifySwitchtab" time="0.0">
    <ignored/>
  </testcase> <!-- VerifySwitchtab -->
  <testcase classname="framework_task.Letskodeit_task" name="VerifySwitchtowindow" time="0.0">
    <ignored/>
  </testcase> <!-- VerifySwitchtowindow -->
  <testcase classname="framework_task.Letskodeit_task" name="VerifySelectclass" time="0.0">
    <ignored/>
  </testcase> <!-- VerifySelectclass -->
  <testcase classname="framework_task.Letskodeit_task" name="VerifyRadiobutton" time="0.0">
    <ignored/>
  </testcase> <!-- VerifyRadiobutton -->
  <testcase classname="framework_task.Letskodeit_task" name="VerifyEnablebox" time="0.0">
    <ignored/>
  </testcase> <!-- VerifyEnablebox -->
  <testcase classname="framework_task.Letskodeit_task" name="VerifyMultipleselect" time="0.0">
    <ignored/>
  </testcase> <!-- VerifyMultipleselect -->
  <testcase classname="framework_task.Letskodeit_task" name="VerifyElement_display" time="0.0">
    <ignored/>
  </testcase> <!-- VerifyElement_display -->
  <testcase classname="framework_task.Letskodeit_task" name="VerifyAutosuggestion" time="0.0">
    <ignored/>
  </testcase> <!-- VerifyAutosuggestion -->
  <testcase classname="framework_task.Letskodeit_task" name="VerifyMouseover" time="0.0">
    <ignored/>
  </testcase> <!-- VerifyMouseover -->
</testsuite> <!-- Default test(failed) -->
